\BOOKMARK [0][-]{chapter.1}{\376\377\000I\000N\000T\000R\000O\000D\000U\000\307\000\303\000O}{}% 1
\BOOKMARK [0][-]{chapter.2}{\376\377\000O\000B\000J\000E\000T\000I\000V\000O\000S}{}% 2
\BOOKMARK [1][-]{section.2.1}{\376\377\000O\000b\000j\000e\000t\000i\000v\000o\000s\000\040\000g\000e\000r\000a\000i\000s}{chapter.2}% 3
\BOOKMARK [1][-]{section.2.2}{\376\377\000O\000b\000j\000e\000t\000i\000v\000o\000s\000\040\000e\000s\000p\000e\000c\000i\000f\000i\000c\000o\000s}{chapter.2}% 4
\BOOKMARK [0][-]{chapter.3}{\376\377\000R\000I\000S\000C\000O\000S\000\040\000E\000\040\000B\000E\000N\000E\000F\000I\000C\000I\000O\000S}{}% 5
\BOOKMARK [1][-]{section.3.1}{\376\377\000B\000e\000n\000e\000f\000\355\000c\000i\000o\000s}{chapter.3}% 6
\BOOKMARK [1][-]{section.3.2}{\376\377\000R\000i\000s\000c\000o\000s}{chapter.3}% 7
\BOOKMARK [1][-]{section.3.3}{\376\377\000P\000r\000e\000v\000e\000n\000\347\000\343\000o\000\040\000e\000\040\000m\000i\000n\000i\000m\000i\000z\000a\000\347\000\343\000o\000\040\000d\000o\000s\000\040\000r\000i\000s\000c\000o\000s}{chapter.3}% 8
\BOOKMARK [0][-]{chapter.4}{\376\377\000F\000U\000N\000D\000A\000M\000E\000N\000T\000A\000\307\000\303\000O\000\040\000T\000E\000\323\000R\000I\000C\000A}{}% 9
\BOOKMARK [1][-]{section.4.1}{\376\377\000P\000r\000\351\000-\000N\000a\000t\000a\000l}{chapter.4}% 10
\BOOKMARK [1][-]{section.4.2}{\376\377\000P\000r\000\351\000-\000e\000c\000l\000\342\000m\000p\000s\000i\000a}{chapter.4}% 11
\BOOKMARK [1][-]{section.4.3}{\376\377\000B\000i\000o\000m\000a\000r\000c\000a\000d\000o\000r\000e\000s}{chapter.4}% 12
\BOOKMARK [1][-]{section.4.4}{\376\377\000P\000a\000d\000r\000\365\000e\000s\000\040\000a\000r\000q\000u\000i\000t\000e\000t\000\364\000n\000i\000c\000o\000s\000\040\000d\000e\000\040\000s\000o\000f\000t\000w\000a\000r\000e\000s\000\040}{chapter.4}% 13
\BOOKMARK [1][-]{section.4.5}{\376\377\000A\000P\000I\000\040\000R\000E\000S\000T}{chapter.4}% 14
\BOOKMARK [1][-]{section.4.6}{\376\377\000M\000a\000c\000h\000i\000n\000e\000\040\000L\000e\000a\000r\000n\000i\000n\000g}{chapter.4}% 15
\BOOKMARK [0][-]{chapter.5}{\376\377\000E\000S\000T\000A\000D\000O\000\040\000D\000A\000\040\000A\000R\000T\000E}{}% 16
\BOOKMARK [0][-]{chapter.6}{\376\377\000P\000P\000M\000L\000\040\040\023\000\040\000A\000P\000I\000\040\000R\000E\000S\000T\000\040\000F\000U\000L\000L}{}% 17
\BOOKMARK [0][-]{chapter.7}{\376\377\000M\000E\000T\000O\000D\000O\000L\000O\000G\000I\000A}{}% 18
\BOOKMARK [1][-]{section.7.1}{\376\377\000A\000n\000\341\000l\000i\000s\000e\000\040\000d\000o\000s\000\040\000d\000a\000d\000o\000s}{chapter.7}% 19
\BOOKMARK [1][-]{section.7.2}{\376\377\000P\000r\000e\000p\000a\000r\000a\000\347\000\343\000o\000\040\000d\000o\000s\000\040\000d\000a\000d\000o\000s\000\040\000e\000\040\000v\000a\000l\000i\000d\000a\000\347\000\343\000o}{chapter.7}% 20
\BOOKMARK [1][-]{section.7.3}{\376\377\000T\000r\000e\000i\000n\000a\000m\000e\000n\000t\000o\000\040\000d\000o\000\040\000m\000o\000d\000e\000l\000o}{chapter.7}% 21
\BOOKMARK [1][-]{section.7.4}{\376\377\000V\000a\000l\000i\000d\000a\000\347\000\343\000o\000\040\000d\000o\000\040\000m\000o\000d\000e\000l\000o}{chapter.7}% 22
\BOOKMARK [1][-]{section.7.5}{\376\377\000D\000e\000s\000e\000n\000v\000o\000l\000v\000i\000m\000e\000n\000t\000o\000\040\000d\000a\000\040\000A\000P\000I}{chapter.7}% 23
\BOOKMARK [1][-]{section.7.6}{\376\377\000C\000o\000m\000p\000a\000r\000a\000\347\000\343\000o\000\040\000c\000o\000m\000\040\000d\000i\000a\000g\000n\000\363\000s\000t\000i\000c\000o\000s\000\040\000r\000e\000a\000i\000s}{chapter.7}% 24
\BOOKMARK [0][-]{section*.13}{\376\377\000R\000E\000F\000E\000R\000\312\000N\000C\000I\000A\000S}{}% 25
\BOOKMARK [0][-]{section*.13}{\376\377\000A\000P\000\312\000N\000D\000I\000C\000E\000S}{}% 26
